<?xml version="1.0" encoding="UTF-8"?>
<!-- Generated by org.testng.reporters.JUnitXMLReporter -->
<testsuite ignored="1" hostname="Ravi" failures="0" tests="2" name=" Regression Test" time="0.057" errors="0" timestamp="2023-12-30T16:34:29 IST">
  <testcase classname="TestngDemo.Demo3" name="Homeloanlogin" time="0.005"/>
  <testcase classname="TestngDemo.Demo3" name="Homeloanlogin" time="0.001"/>
  <testcase classname="TestngDemo.Demo3" name="carloanlogin" time="0.0">
    <ignored/>
  </testcase> <!-- carloanlogin -->
</testsuite> <!--  Regression Test -->
