<?xml version="1.0" encoding="UTF-8"?>
<!-- Generated by org.testng.reporters.JUnitXMLReporter -->
<testsuite ignored="7" hostname="Ravi" failures="0" tests="3" name=" Smoke Test" time="0.075" errors="0" timestamp="2023-12-30T15:57:52 IST">
  <testcase classname="TestngDemo.Demo1" name="Carloanregister" time="0.01"/>
  <testcase classname="TestngDemo.Demo1" name="Homeloanregister" time="0.002"/>
  <testcase classname="TestngDemo.Demo2" name="mobileloanregister" time="0.001"/>
  <testcase classname="TestngDemo.Demo1" name="Carloan" time="0.0">
    <ignored/>
  </testcase> <!-- Carloan -->
  <testcase classname="TestngDemo.Demo2" name="mobileloan" time="0.0">
    <ignored/>
  </testcase> <!-- mobileloan -->
  <testcase classname="TestngDemo.Demo4" name="mobileloanlogin" time="0.0">
    <ignored/>
  </testcase> <!-- mobileloanlogin -->
  <testcase classname="TestngDemo.Demo3" name="carloanlogin" time="0.0">
    <ignored/>
  </testcase> <!-- carloanlogin -->
  <testcase classname="TestngDemo.Demo3" name="Homeloanlogin" time="0.0">
    <ignored/>
  </testcase> <!-- Homeloanlogin -->
  <testcase classname="TestngDemo.Demo4" name="weblogin" time="0.0">
    <ignored/>
  </testcase> <!-- weblogin -->
  <testcase classname="TestngDemo.Demo1" name="Homeloan" time="0.0">
    <ignored/>
  </testcase> <!-- Homeloan -->
</testsuite> <!--  Smoke Test -->
