<?xml version="1.0" encoding="UTF-8"?>
<!-- Generated by org.testng.reporters.JUnitXMLReporter -->
<testsuite ignored="10" hostname="Ravi" failures="0" tests="2" name="parallelrun" time="15.932" errors="0" timestamp="2024-01-04T23:25:22 IST">
  <testcase classname="TestngDemo.Demo2" name="openweb2" time="5.512"/>
  <testcase classname="TestngDemo.Demo1" name="openweb1" time="15.82"/>
  <testcase classname="TestngDemo.Demo4" name="weblogin" time="0.0">
    <ignored/>
  </testcase> <!-- weblogin -->
  <testcase classname="TestngDemo.Demo4" name="mobileloanlogin" time="0.0">
    <ignored/>
  </testcase> <!-- mobileloanlogin -->
  <testcase classname="TestngDemo.Demo1" name="Carloan" time="0.0">
    <ignored/>
  </testcase> <!-- Carloan -->
  <testcase classname="TestngDemo.Demo2" name="mobileloan" time="0.0">
    <ignored/>
  </testcase> <!-- mobileloan -->
  <testcase classname="TestngDemo.Demo3" name="carloanlogin" time="0.0">
    <ignored/>
  </testcase> <!-- carloanlogin -->
  <testcase classname="TestngDemo.Demo3" name="Homeloanlogin" time="0.0">
    <ignored/>
  </testcase> <!-- Homeloanlogin -->
  <testcase classname="TestngDemo.Demo2" name="mobileloanregister" time="0.0">
    <ignored/>
  </testcase> <!-- mobileloanregister -->
  <testcase classname="TestngDemo.Demo1" name="Homeloan" time="0.0">
    <ignored/>
  </testcase> <!-- Homeloan -->
  <testcase classname="TestngDemo.Demo1" name="Carloanregister" time="0.0">
    <ignored/>
  </testcase> <!-- Carloanregister -->
  <testcase classname="TestngDemo.Demo1" name="Homeloanregister" time="0.0">
    <ignored/>
  </testcase> <!-- Homeloanregister -->
</testsuite> <!-- parallelrun -->
