<?xml version="1.0" encoding="UTF-8"?>
<!-- Generated by org.testng.reporters.JUnitXMLReporter -->
<testsuite ignored="3" hostname="Ravi" failures="0" tests="3" name="regression" time="0.015" errors="0" timestamp="2023-12-30T16:34:29 IST">
  <testcase classname="TestngDemo.Demo1" name="Carloan" time="0.001"/>
  <testcase classname="TestngDemo.Demo1" name="Homeloan" time="0.001"/>
  <testcase classname="TestngDemo.Demo2" name="mobileloan" time="0.0"/>
  <testcase classname="TestngDemo.Demo1" name="Homeloanregister" time="0.0">
    <ignored/>
  </testcase> <!-- Homeloanregister -->
  <testcase classname="TestngDemo.Demo2" name="mobileloanregister" time="0.0">
    <ignored/>
  </testcase> <!-- mobileloanregister -->
  <testcase classname="TestngDemo.Demo1" name="Carloanregister" time="0.0">
    <ignored/>
  </testcase> <!-- Carloanregister -->
</testsuite> <!-- regression -->
