<?xml version="1.0" encoding="UTF-8"?>
<!-- Generated by org.testng.reporters.JUnitXMLReporter -->
<testsuite ignored="1" hostname="Ravi" failures="0" tests="8" name="Test" time="0.09" errors="0" timestamp="2023-12-30T16:35:34 IST">
  <testcase classname="TestngDemo.Demo1" name="Carloan" time="0.005"/>
  <testcase classname="TestngDemo.Demo1" name="Carloanregister" time="0.001"/>
  <testcase classname="TestngDemo.Demo1" name="Homeloan" time="0.001"/>
  <testcase classname="TestngDemo.Demo1" name="Homeloanregister" time="0.002"/>
  <testcase classname="TestngDemo.Demo2" name="mobileloanregister" time="0.001"/>
  <testcase classname="TestngDemo.Demo3" name="Homeloanlogin" time="0.001"/>
  <testcase classname="TestngDemo.Demo3" name="Homeloanlogin" time="0.002"/>
  <testcase classname="TestngDemo.Demo3" name="carloanlogin" time="0.001"/>
  <testcase classname="TestngDemo.Demo2" name="mobileloan" time="0.0">
    <ignored/>
  </testcase> <!-- mobileloan -->
</testsuite> <!-- Test -->
