<?xml version="1.0" encoding="UTF-8"?>
<testng-results ignored="0" total="2" passed="2" failed="0" skipped="0">
  <reporter-output>
  </reporter-output>
  <suite started-at="2024-01-04T23:25:06 IST" name="Suite" finished-at="2024-01-04T23:25:22 IST" duration-ms="15932">
    <groups>
      <group name="paralleldemo">
        <method signature="Demo1.openweb1()[pri:0, instance:TestngDemo.Demo1@117159c0]" name="openweb1" class="TestngDemo.Demo1"/>
        <method signature="Demo2.openweb2()[pri:0, instance:TestngDemo.Demo2@53fb3dab]" name="openweb2" class="TestngDemo.Demo2"/>
      </group> <!-- paralleldemo -->
    </groups>
    <test started-at="2024-01-04T23:25:06 IST" name="parallelrun" finished-at="2024-01-04T23:25:22 IST" duration-ms="15932">
      <class name="TestngDemo.Demo2">
        <test-method signature="openweb2()[pri:0, instance:TestngDemo.Demo2@53fb3dab]" started-at="2024-01-04T23:25:06 IST" name="openweb2" finished-at="2024-01-04T23:25:12 IST" duration-ms="5512" status="PASS">
          <reporter-output>
          </reporter-output>
        </test-method> <!-- openweb2 -->
      </class> <!-- TestngDemo.Demo2 -->
      <class name="TestngDemo.Demo1">
        <test-method signature="openweb1()[pri:0, instance:TestngDemo.Demo1@117159c0]" started-at="2024-01-04T23:25:06 IST" name="openweb1" finished-at="2024-01-04T23:25:22 IST" duration-ms="15820" status="PASS">
          <reporter-output>
          </reporter-output>
        </test-method> <!-- openweb1 -->
      </class> <!-- TestngDemo.Demo1 -->
    </test> <!-- parallelrun -->
  </suite> <!-- Suite -->
</testng-results>
